<?xml version="1.0" encoding="UTF-8"?>
<testsuite xmlns:xsi="http://www.w3.org/2001/XMLSchema-instance" xsi:noNamespaceSchemaLocation="https://maven.apache.org/surefire/maven-surefire-plugin/xsd/surefire-test-report.xsd" version="3.0.2" name="com.emreguener.TCDD_Ticket.service.TicketServiceTest" time="6.132" tests="1" errors="0" skipped="0" failures="0">
  <properties>
[...]
</properties>
  <testcase name="testGetTrainWithSwaggerParamsAndEmail" classname="com.emreguener.TCDD_Ticket.service.TicketServiceTest" time="3.699">
    <system-out><![CDATA[23:18:08.474 [main] INFO org.springframework.test.context.support.AnnotationConfigContextLoaderUtils -- Could not detect default configuration classes for test class [com.emreguener.TCDD_Ticket.service.TicketServiceTest]: TicketServiceTest does not declare any static, non-private, non-final, nested classes annotated with @Configuration.
23:18:08.574 [main] INFO org.springframework.boot.test.context.SpringBootTestContextBootstrapper -- Found @SpringBootConfiguration com.emreguener.TCDD_Ticket.TcddTicketApplication for test class com.emreguener.TCDD_Ticket.service.TicketServiceTest

  .   ____          _            __ _ _
 /\\ / ___'_ __ _ _(_)_ __  __ _ \ \ \ \
( ( )\___ | '_ | '_| | '_ \/ _` | \ \ \ \
 \\/  ___)| |_)| | | | | || (_| |  ) ) ) )
  '  |____| .__|_| |_|_| |_\__, | / / / /
 =========|_|==============|___/=/_/_/_/

 :: Spring Boot ::                (v3.4.3)

2025-03-17T23:18:08.921+03:00  INFO 2856 --- [TCDD-Ticket] [           main] c.e.T.service.TicketServiceTest          : Starting TicketServiceTest using Java 21.0.6 with PID 2856 (started by emreguener in D:\spring projects\TCDD-Ticket)
2025-03-17T23:18:08.922+03:00  INFO 2856 --- [TCDD-Ticket] [           main] c.e.T.service.TicketServiceTest          : No active profile set, falling back to 1 default profile: "default"
2025-03-17T23:18:10.753+03:00  INFO 2856 --- [TCDD-Ticket] [           main] c.e.T.service.TicketServiceTest          : Started TicketServiceTest in 2.062 seconds (process running for 2.938)
🟢 Test başladı...
📧 E-posta gönderme işlemi başladı...
✅ E-posta başarıyla gönderildi: test@example.com
✅ Servis çağrıldı, gelen veri sayısı: 2
📌 Gelen Trenler:
🚆 Tren Adı: 22006 İZMİR MAVİ
📅 Kalkış Tarihi: 2025-03-20T10:00
🚉 Biniş İstasyonu: ESKİŞEHİR
🏁 Varış İstasyonu: BALIKESİR
💺 Koltuk Tipi: EKONOMİ
🎟️ Boş Koltuk Sayısı: 211
-------------------------------------
🚆 Tren Adı: 72018 EGE EKSPRESİ
📅 Kalkış Tarihi: 2025-03-20T10:00
🚉 Biniş İstasyonu: ESKİŞEHİR
🏁 Varış İstasyonu: BALIKESİR
💺 Koltuk Tipi: EKONOMİ
🎟️ Boş Koltuk Sayısı: 206
-------------------------------------
📧 E-posta gönderildi: test@example.com
🟢 Test başarılı! Gelen veri sayısı: 2
]]></system-out>
    <system-err><![CDATA[Mockito is currently self-attaching to enable the inline-mock-maker. This will no longer work in future releases of the JDK. Please add Mockito as an agent to your build what is described in Mockito's documentation: https://javadoc.io/doc/org.mockito/mockito-core/latest/org/mockito/Mockito.html#0.3
WARNING: A Java agent has been loaded dynamically (C:\Users\emreguener\.m2\repository\net\bytebuddy\byte-buddy-agent\1.15.11\byte-buddy-agent-1.15.11.jar)
WARNING: If a serviceability tool is in use, please run with -XX:+EnableDynamicAgentLoading to hide this warning
WARNING: If a serviceability tool is not in use, please run with -Djdk.instrument.traceUsage for more information
WARNING: Dynamic loading of agents will be disallowed by default in a future release
]]></system-err>
  </testcase>
</testsuite>